Warning: QPainter::begin: Paint device returned engine == 0, type: 1
Warning: QPainter::setPen: Painter not active
Warning: QPainter::setBrush: Painter not active
Warning: QPainter::setRenderHint: Painter must be active to set rendering hints
Warning: QPainter::setPen: Painter not active
Debug: "23:09:23 c:\anthill_jobs\job504524\fmod4\tools\fmod_designer\src\eventform.ui.h:1983 CG: Paste Event" 
Debug: "23:09:29 c:\anthill_jobs\job504524\fmod4\tools\fmod_designer\src\eventform.ui.h:1983 CG: Paste Event" 
Debug: "23:09:41 c:\anthill_jobs\job504524\fmod4\tools\fmod_designer\src\eventform.ui.h:1983 CG: Paste Event" 
Debug: "23:10:13 ..\..\src\propertyeditor.cpp:1508 EM: Set Name" 
Debug: "23:10:15 ..\..\src\simpleeventcontroller.cpp:1310 IR: Remove Sounds from Playlist" 
Debug: "23:10:17 ..\..\src\simpleeventcontroller.cpp:1310 IR: Remove Sounds from Playlist" 
Debug: "23:10:25 ..\..\src\propertyeditor.cpp:1508 EM: Set Name" 
Debug: "23:10:27 ..\..\src\simpleeventcontroller.cpp:1310 IR: Remove Sounds from Playlist" 
Debug: "23:10:27 ..\..\src\simpleeventcontroller.cpp:1310 IR: Remove Sounds from Playlist" 
Debug: "23:10:36 ..\..\src\propertyeditor.cpp:1508 EM: Set Name" 
Debug: "23:10:41 ..\..\src\propertyeditor.cpp:1508 EM: Set Name" 
Debug: "23:10:43 ..\..\src\simpleeventcontroller.cpp:1310 IR: Remove Sounds from Playlist" 
Debug: "23:10:44 ..\..\src\simpleeventcontroller.cpp:1310 IR: Remove Sounds from Playlist" 
Debug: "23:10:47 ..\..\src\simpleeventcontroller.cpp:1273 IK: Set Playlist Pitch Randomization" 
Debug: "23:10:48 ..\..\src\simpleeventcontroller.cpp:1273 IK: Set Playlist Pitch Randomization" 
Debug: "23:10:48 ..\..\src\simpleeventcontroller.cpp:1273 IK: Set Playlist Pitch Randomization" 
Debug: "23:10:48 ..\..\src\simpleeventcontroller.cpp:1273 IK: Set Playlist Pitch Randomization" 
Debug: "23:10:49 ..\..\src\simpleeventcontroller.cpp:1273 IK: Set Playlist Pitch Randomization" 
Debug: "23:10:50 ..\..\src\simpleeventcontroller.cpp:1273 IK: Set Playlist Pitch Randomization" 
Debug: "23:10:50 ..\..\src\simpleeventcontroller.cpp:1273 IK: Set Playlist Pitch Randomization" 
Debug: "23:10:50 ..\..\src\simpleeventcontroller.cpp:1273 IK: Set Playlist Pitch Randomization" 
Debug: "23:10:50 ..\..\src\simpleeventcontroller.cpp:1273 IK: Set Playlist Pitch Randomization" 
Debug: "23:10:52 ..\..\src\simpleeventcontroller.cpp:1273 IK: Set Playlist Pitch Randomization" 
Debug: "23:10:53 ..\..\src\simpleeventcontroller.cpp:1273 IK: Set Playlist Pitch Randomization" 
Debug: "23:10:54 ..\..\src\simpleeventcontroller.cpp:1273 IK: Set Playlist Pitch Randomization" 
Debug: "23:10:55 ..\..\src\simpleeventcontroller.cpp:1273 IK: Set Playlist Pitch Randomization" 
Debug: "23:10:55 ..\..\src\simpleeventcontroller.cpp:1273 IK: Set Playlist Pitch Randomization" 
Debug: "23:10:55 ..\..\src\simpleeventcontroller.cpp:1273 IK: Set Playlist Pitch Randomization" 
Debug: "23:10:55 ..\..\src\simpleeventcontroller.cpp:1273 IK: Set Playlist Pitch Randomization" 
Debug: "23:10:56 ..\..\src\simpleeventcontroller.cpp:1273 IK: Set Playlist Pitch Randomization" 
Debug: "23:10:57 ..\..\src\simpleeventcontroller.cpp:1273 IK: Set Playlist Pitch Randomization" 
Debug: "23:10:58 ..\..\src\simpleeventcontroller.cpp:1273 IK: Set Playlist Pitch Randomization" 
Debug: "23:11:01 ..\..\src\simpleeventcontroller.cpp:1273 IK: Set Playlist Pitch Randomization" 
Debug: "23:11:01 ..\..\src\simpleeventcontroller.cpp:1273 IK: Set Playlist Pitch Randomization" 
Debug: "23:11:02 ..\..\src\simpleeventcontroller.cpp:1273 IK: Set Playlist Pitch Randomization" 
Debug: "23:11:02 ..\..\src\simpleeventcontroller.cpp:1273 IK: Set Playlist Pitch Randomization" 
Debug: "23:11:02 ..\..\src\simpleeventcontroller.cpp:1273 IK: Set Playlist Pitch Randomization" 
Debug: "23:11:02 ..\..\src\simpleeventcontroller.cpp:1273 IK: Set Playlist Pitch Randomization" 
Debug: "23:11:03 ..\..\src\simpleeventcontroller.cpp:1273 IK: Set Playlist Pitch Randomization" 
Debug: "23:11:04 ..\..\src\simpleeventcontroller.cpp:1273 IK: Set Playlist Pitch Randomization" 
Debug: "23:11:04 ..\..\src\simpleeventcontroller.cpp:1273 IK: Set Playlist Pitch Randomization" 
Debug: 
Building project 'Petpet_Anything'...
Debug: Building project E:\SteamLibrary\steamapps\common\Don't Starve Together\mods\Petpet_Anything\fmod\Petpet_Anything.fev...
Debug: Unique sound defs 3/4
Debug: Retrieving sound file info...
Debug: Retrieving reverb info...
Debug: FEV file written ok
Debug: Unique Envelope Points: 0 of 0
Debug: Unique Strings: 235 characters of 235
Debug: Caching sound file details for ''...
Debug: metal_pipe.mp3
Debug: petpet_music.mp3
Debug: rubber_duck.mp3
Debug: Building 'Petpet_Anything.fsb'
Debug: Encoded E:\SteamLibrary\steamapps\common\Don't Starve Together\mods\Petpet_Anything\fmod\petpet_music.mp3
Debug: Encoded E:\SteamLibrary\steamapps\common\Don't Starve Together\mods\Petpet_Anything\fmod\metal_pipe.mp3
Debug: Encoded E:\SteamLibrary\steamapps\common\Don't Starve Together\mods\Petpet_Anything\fmod\rubber_duck.mp3
Debug: Writing FSB...
Debug: Finished building FSB
Debug: 
Debug: 
Summary of build:
SUCCESS: E:/SteamLibrary/steamapps/common/Don't Starve Together/mods/Petpet_Anything/fmod/Petpet_Anything.fev
SUCCESS: Petpet_Anything.fsb
